# JRE version: Java(TM) SE Runtime Environment (11.0.1+13) (build 11.0.1+13-LTS)
# Java VM: Java HotSpot(TM) 64-Bit Server VM (11.0.1+13-LTS, mixed mode, tiered, compressed oops, serial gc, windows-amd64)
Heap:
 def new generation   total 8640K, used 7783K [0x00000000e4000000, 0x00000000e4960000, 0x00000000ed550000)
  eden space 7680K,  89% used [0x00000000e4000000, 0x00000000e46b3c18, 0x00000000e4780000)
  from space 960K,  95% used [0x00000000e4780000, 0x00000000e4866188, 0x00000000e4870000)
  to   space 960K,   0% used [0x00000000e4870000, 0x00000000e4870000, 0x00000000e4960000)
 tenured generation   total 19136K, used 6830K [0x00000000ed550000, 0x00000000ee800000, 0x0000000100000000)
   the space 19136K,  35% used [0x00000000ed550000, 0x00000000edbfbae0, 0x00000000edbfbc00, 0x00000000ee800000)
 Metaspace       used 25233K, capacity 26023K, committed 26240K, reserved 1073152K
  class space    used 3085K, capacity 3379K, committed 3456K, reserved 1048576K
GC Heap History (10 events):
Event: 33.676 GC heap before
{Heap before GC invocations=4 (full 0):
 def new generation   total 8640K, used 8116K [0x00000000e4000000, 0x00000000e4950000, 0x00000000ed550000)
  eden space 7744K, 100% used [0x00000000e4000000, 0x00000000e4790000, 0x00000000e4790000)
  from space 896K,  41% used [0x00000000e4790000, 0x00000000e47ed378, 0x00000000e4870000)
  to   space 896K,   0% used [0x00000000e4870000, 0x00000000e4870000, 0x00000000e4950000)
 tenured generation   total 19136K, used 5588K [0x00000000ed550000, 0x00000000ee800000, 0x0000000100000000)
   the space 19136K,  29% used [0x00000000ed550000, 0x00000000edac5188, 0x00000000edac5200, 0x00000000ee800000)
 Metaspace       used 19129K, capacity 19683K, committed 19840K, reserved 1067008K
  class space    used 2229K, capacity 2419K, committed 2432K, reserved 1048576K
}
Event: 33.680 GC heap after
{Heap after GC invocations=5 (full 0):
 def new generation   total 8640K, used 780K [0x00000000e4000000, 0x00000000e4950000, 0x00000000ed550000)
  eden space 7744K,   0% used [0x00000000e4000000, 0x00000000e4000000, 0x00000000e4790000)
  from space 896K,  87% used [0x00000000e4870000, 0x00000000e4933330, 0x00000000e4950000)
  to   space 896K,   0% used [0x00000000e4790000, 0x00000000e4790000, 0x00000000e4870000)
 tenured generation   total 19136K, used 5588K [0x00000000ed550000, 0x00000000ee800000, 0x0000000100000000)
   the space 19136K,  29% used [0x00000000ed550000, 0x00000000edac5188, 0x00000000edac5200, 0x00000000ee800000)
 Metaspace       used 19129K, capacity 19683K, committed 19840K, reserved 1067008K
  class space    used 2229K, capacity 2419K, committed 2432K, reserved 1048576K
}
Event: 40.039 GC heap before
{Heap before GC invocations=5 (full 0):
 def new generation   total 8640K, used 8524K [0x00000000e4000000, 0x00000000e4950000, 0x00000000ed550000)
  eden space 7744K, 100% used [0x00000000e4000000, 0x00000000e4790000, 0x00000000e4790000)
  from space 896K,  87% used [0x00000000e4870000, 0x00000000e4933330, 0x00000000e4950000)
  to   space 896K,   0% used [0x00000000e4790000, 0x00000000e4790000, 0x00000000e4870000)
 tenured generation   total 19136K, used 5588K [0x00000000ed550000, 0x00000000ee800000, 0x0000000100000000)
   the space 19136K,  29% used [0x00000000ed550000, 0x00000000edac5188, 0x00000000edac5200, 0x00000000ee800000)
 Metaspace       used 20172K, capacity 20737K, committed 20864K, reserved 1067008K
  class space    used 2426K, capacity 2620K, committed 2688K, reserved 1048576K
}
Event: 40.044 GC heap after
{Heap after GC invocations=6 (full 0):
 def new generation   total 8640K, used 759K [0x00000000e4000000, 0x00000000e4950000, 0x00000000ed550000)
  eden space 7744K,   0% used [0x00000000e4000000, 0x00000000e4000000, 0x00000000e4790000)
  from space 896K,  84% used [0x00000000e4790000, 0x00000000e484ded0, 0x00000000e4870000)
  to   space 896K,   0% used [0x00000000e4870000, 0x00000000e4870000, 0x00000000e4950000)
 tenured generation   total 19136K, used 5948K [0x00000000ed550000, 0x00000000ee800000, 0x0000000100000000)
   the space 19136K,  31% used [0x00000000ed550000, 0x00000000edb1f200, 0x00000000edb1f200, 0x00000000ee800000)
 Metaspace       used 20172K, capacity 20737K, committed 20864K, reserved 1067008K
  class space    used 2426K, capacity 2620K, committed 2688K, reserved 1048576K
}
Event: 40.902 GC heap before
{Heap before GC invocations=6 (full 0):
 def new generation   total 8640K, used 3472K [0x00000000e4000000, 0x00000000e4950000, 0x00000000ed550000)
  eden space 7744K,  35% used [0x00000000e4000000, 0x00000000e42a6268, 0x00000000e4790000)
  from space 896K,  84% used [0x00000000e4790000, 0x00000000e484ded0, 0x00000000e4870000)
  to   space 896K,   0% used [0x00000000e4870000, 0x00000000e4870000, 0x00000000e4950000)
 tenured generation   total 19136K, used 5948K [0x00000000ed550000, 0x00000000ee800000, 0x0000000100000000)
   the space 19136K,  31% used [0x00000000ed550000, 0x00000000edb1f200, 0x00000000edb1f200, 0x00000000ee800000)
 Metaspace       used 20559K, capacity 21075K, committed 21248K, reserved 1067008K
  class space    used 2478K, capacity 2689K, committed 2816K, reserved 1048576K
}
Event: 40.942 GC heap after
{Heap after GC invocations=7 (full 1):
 def new generation   total 8640K, used 0K [0x00000000e4000000, 0x00000000e4960000, 0x00000000ed550000)
  eden space 7680K,   0% used [0x00000000e4000000, 0x00000000e4000000, 0x00000000e4780000)
  from space 960K,   0% used [0x00000000e4780000, 0x00000000e4780000, 0x00000000e4870000)
  to   space 960K,   0% used [0x00000000e4870000, 0x00000000e4870000, 0x00000000e4960000)
 tenured generation   total 19136K, used 6830K [0x00000000ed550000, 0x00000000ee800000, 0x0000000100000000)
   the space 19136K,  35% used [0x00000000ed550000, 0x00000000edbfbae0, 0x00000000edbfbc00, 0x00000000ee800000)
 Metaspace       used 20557K, capacity 21072K, committed 21248K, reserved 1067008K
  class space    used 2478K, capacity 2688K, committed 2816K, reserved 1048576K
}
Event: 45.176 GC heap before
{Heap before GC invocations=7 (full 1):
 def new generation   total 8640K, used 7680K [0x00000000e4000000, 0x00000000e4960000, 0x00000000ed550000)
  eden space 7680K, 100% used [0x00000000e4000000, 0x00000000e4780000, 0x00000000e4780000)
  from space 960K,   0% used [0x00000000e4780000, 0x00000000e4780000, 0x00000000e4870000)
  to   space 960K,   0% used [0x00000000e4870000, 0x00000000e4870000, 0x00000000e4960000)
 tenured generation   total 19136K, used 6830K [0x00000000ed550000, 0x00000000ee800000, 0x0000000100000000)
   the space 19136K,  35% used [0x00000000ed550000, 0x00000000edbfbae0, 0x00000000edbfbc00, 0x00000000ee800000)
 Metaspace       used 22138K, capacity 22785K, committed 22912K, reserved 1069056K
  class space    used 2691K, capacity 2925K, committed 2944K, reserved 1048576K
}
Event: 45.179 GC heap after
{Heap after GC invocations=8 (full 1):
 def new generation   total 8640K, used 392K [0x00000000e4000000, 0x00000000e4960000, 0x00000000ed550000)
  eden space 7680K,   0% used [0x00000000e4000000, 0x00000000e4000000, 0x00000000e4780000)
  from space 960K,  40% used [0x00000000e4870000, 0x00000000e48d2298, 0x00000000e4960000)
  to   space 960K,   0% used [0x00000000e4780000, 0x00000000e4780000, 0x00000000e4870000)
 tenured generation   total 19136K, used 6830K [0x00000000ed550000, 0x00000000ee800000, 0x0000000100000000)
   the space 19136K,  35% used [0x00000000ed550000, 0x00000000edbfbae0, 0x00000000edbfbc00, 0x00000000ee800000)
 Metaspace       used 22138K, capacity 22785K, committed 22912K, reserved 1069056K
  class space    used 2691K, capacity 2925K, committed 2944K, reserved 1048576K
}
Event: 48.887 GC heap before
{Heap before GC invocations=8 (full 1):
 def new generation   total 8640K, used 8072K [0x00000000e4000000, 0x00000000e4960000, 0x00000000ed550000)
  eden space 7680K, 100% used [0x00000000e4000000, 0x00000000e4780000, 0x00000000e4780000)
  from space 960K,  40% used [0x00000000e4870000, 0x00000000e48d2298, 0x00000000e4960000)
  to   space 960K,   0% used [0x00000000e4780000, 0x00000000e4780000, 0x00000000e4870000)
 tenured generation   total 19136K, used 6830K [0x00000000ed550000, 0x00000000ee800000, 0x0000000100000000)
   the space 19136K,  35% used [0x00000000ed550000, 0x00000000edbfbae0, 0x00000000edbfbc00, 0x00000000ee800000)
 Metaspace       used 24202K, capacity 24921K, committed 25088K, reserved 1071104K
  class space    used 2943K, capacity 3222K, committed 3328K, reserved 1048576K
}
Event: 48.893 GC heap after
{Heap after GC invocations=9 (full 1):
 def new generation   total 8640K, used 920K [0x00000000e4000000, 0x00000000e4960000, 0x00000000ed550000)
  eden space 7680K,   0% used [0x00000000e4000000, 0x00000000e4000000, 0x00000000e4780000)
  from space 960K,  95% used [0x00000000e4780000, 0x00000000e4866188, 0x00000000e4870000)
  to   space 960K,   0% used [0x00000000e4870000, 0x00000000e4870000, 0x00000000e4960000)
 tenured generation   total 19136K, used 6830K [0x00000000ed550000, 0x00000000ee800000, 0x0000000100000000)
   the space 19136K,  35% used [0x00000000ed550000, 0x00000000edbfbae0, 0x00000000edbfbc00, 0x00000000ee800000)
 Metaspace       used 24202K, capacity 24921K, committed 25088K, reserved 1071104K
  class space    used 2943K, capacity 3222K, committed 3328K, reserved 1048576K
}

